
ROM used: 1028 (3%)
          1028 (3%) including unused fragments

          2 Average locations per line
          15 Average locations per statement

RAM used: 51 (3%) at main() level
          56 (4%) worst case

Stack used: 3 worst case (out of 30 total available)

Lines Stmts  %   Files
----- ----- ---  -----
   97    68 100  hoyor_adc.c
   27     0   0  hoyor_adc.h
  332     0   0  C:\Program Files (x86)\PICC\devices\18F452.h
----- -----
  456    68 Total

Page ROM  %  RAM   Vol Diff  Functions:
---- --- --- ---   --- ----  ----------
0     38   2   1             @delay_ms1
0     14   1   0    24  1.5  RDA_isr
0    102   5   1   301  5.6  avg_adc
0     66   3   5   672  5.3  @DIV1616
0    614  30   1  1721  8.4  MAIN
0     40   2   3    74  3.1  @DIV88

Program metrics:
    Functions               5
    Statements              68
    Comments                81
    Volume (V)              3527
    Difficilty (D)          24.8
    Effort to implement (E) 87327
    Time to implement (T)   1 hours, 21 minutes
    Est Delivered Bugs (B)  1
    Cyclomatic Complexity   9
    Maintainability (MI)    92

 Segment     Used  Free
-----------  ----  ----
00000-00002     4  0  
00004-00006     0  4  
00008-0009C   150  0  
0009E-07FFE   874  31736  



