
ROM used: 956 (3%)
          956 (3%) including unused fragments

          2 Average locations per line
          18 Average locations per statement

RAM used: 49 (3%) at main() level
          56 (4%) worst case

Stack used: 3 worst case (out of 30 total available)

Lines Stmts  %   Files
----- ----- ---  -----
   82    54 100  TG6.c
   27     0   0  TG6.h
  332     0   0  C:\Program Files (x86)\PICC\devices\18F452.h
----- -----
  441    54 Total

Page ROM  %  RAM   Vol Diff  Functions:
---- --- --- ---   --- ----  ----------
0     40   2   1             @delay_ms1
0     14   1   0    24  1.5  RDA_isr
0    222  12   3   395  3.3  str
0     66   3   5             @DIV1616
0     40   2   3             @DIV88
0    420  22   0  1111  2.9  MAIN

Program metrics:
    Functions               3
    Statements              54
    Comments                81
    Volume (V)              1807
    Difficilty (D)          8.0
    Effort to implement (E) 14391
    Time to implement (T)   13 minutes
    Est Delivered Bugs (B)  0
    Cyclomatic Complexity   1
    Maintainability (MI)    140

 Segment     Used  Free
-----------  ----  ----
00000-00002     4  0  
00004-00006     0  4  
00008-0009C   150  0  
0009E-07FFE   802  31808  



