
ROM used: 3518 (11%)
          3518 (11%) including unused fragments

          4 Average locations per line
          9 Average locations per statement

RAM used: 69 (4%) at main() level
          75 (5%) worst case

Stack used: 6 worst case (out of 29 total available)

Lines Stmts  %   Files
----- ----- ---  -----
  538   399 100  tsag_zahirgaa.c
   27     0   0  tsag_zahirgaa.h
  332     0   0  C:\Program Files (x86)\PICC\devices\18F452.h
----- -----
  897   399 Total

Page ROM  %  RAM   Vol Diff  Functions:
---- --- --- ---   --- ----  ----------
0     38   1   1             @delay_ms1
0     72   1   3             @I2C_READ_1
0     72   1   1             @I2C_WRITE_1
0    198   3   0   354  1.9  rtc_getdate
0     38   1   3    74  3.1  set_bcd
0     40   1   3             @DIV88
0     24   0   0    86  2.5  read_port_a
0    140   2   1   352  4.2  set_sec
0    116   2   0   179  2.7  set_min
0    116   2   0   179  2.7  set_tsag
0    116   2   0   179  2.7  set_sar
0    116   2   0   179  2.7  set_udur
0    128   2   1   508  5.7  EXT_isr
0     34   0   0             @goto10164
0     96   1   0    74  1.2  set_year
0   2020  29   1 10768  8.5  MAIN

Program metrics:
    Functions               11
    Statements              399
    Comments                174
    Volume (V)              15726
    Difficilty (D)          40.0
    Effort to implement (E) 628438
    Time to implement (T)   9 hours, 42 minutes
    Est Delivered Bugs (B)  2
    Cyclomatic Complexity   60
    Maintainability (MI)    68

 Segment     Used  Free
-----------  ----  ----
00000-00002     4  0  
00004-00006     0  4  
00008-0009C   150  0  
0009E-07FFE  3364  29246  



