
ROM used: 1542 (5%)
          1542 (5%) including unused fragments

          3 Average locations per line
          10 Average locations per statement

RAM used: 37 (2%) at main() level
          43 (3%) worst case

Stack used: 6 worst case (out of 29 total available)

Lines Stmts  %   Files
----- ----- ---  -----
  210   155 100  tsag2.c
   27     0   0  tsag2.h
  332     0   0  C:\Program Files (x86)\PICC\devices\18F452.h
----- -----
  569   155 Total

Page ROM  %  RAM   Vol Diff  Functions:
---- --- --- ---   --- ----  ----------
0     38   1   1             @delay_ms1
0     28   1   1             @delay_us1
0     72   2   3             @I2C_READ_1
0     72   2   1             @I2C_WRITE_1
0     94   3   4   272  2.1  set_time0
0    162   5   0   354  1.9  rtc_getdate
0     38   1   3    74  3.1  set_bcd
0     40   1   3             @DIV88
0     62   2   0   204  4.0  readadc
0    100   3   1   320  4.6  set_sec
0     80   3   0   179  2.7  set_min
0     80   3   0   179  2.7  set_tsag
0     80   3   0   179  2.7  set_sar
0     80   3   0   179  2.7  set_udur
0     54   2   1   288  5.0  EXT_isr
0     34   1   0             @goto10147
0      4   0   1     9  0.7  segment_ruu_gargah
0    270   9   1  1456  5.4  MAIN

Program metrics:
    Functions               12
    Statements              155
    Comments                126
    Volume (V)              5849
    Difficilty (D)          38.1
    Effort to implement (E) 222779
    Time to implement (T)   3 hours, 26 minutes
    Est Delivered Bugs (B)  1
    Cyclomatic Complexity   20
    Maintainability (MI)    49

 Segment     Used  Free
-----------  ----  ----
00000-00002     4  0  
00004-00006     4  0  
00008-0009C   150  0  
0009E-07FFE  1384  31226  



